# JRE version: OpenJDK Runtime Environment (8.0_202-b03) (build 1.8.0_202-release-1483-b03)
# Java VM: OpenJDK 64-Bit Server VM (25.202-b03 mixed mode windows-amd64 compressed oops)
Heap:
 PSYoungGen      total 430592K, used 297478K [0x00000000e0000000, 0x00000000fcb00000, 0x0000000100000000)
  eden space 396288K, 73% used [0x00000000e0000000,0x00000000f1b36728,0x00000000f8300000)
  from space 34304K, 21% used [0x00000000fa980000,0x00000000fb0cb2b8,0x00000000fcb00000)
  to   space 36864K, 0% used [0x00000000f8300000,0x00000000f8300000,0x00000000fa700000)
 ParOldGen       total 179200K, used 141873K [0x00000000a0000000, 0x00000000aaf00000, 0x00000000e0000000)
  object space 179200K, 79% used [0x00000000a0000000,0x00000000a8a8c540,0x00000000aaf00000)
 Metaspace       used 125513K, capacity 129766K, committed 130048K, reserved 1163264K
  class space    used 15910K, capacity 16773K, committed 16896K, reserved 1048576K
GC Heap History (10 events):
Event: 107.558 GC heap before
{Heap before GC invocations=30 (full 4):
 PSYoungGen      total 374272K, used 345386K [0x00000000e0000000, 0x00000000fce80000, 0x0000000100000000)
  eden space 334848K, 100% used [0x00000000e0000000,0x00000000f4700000,0x00000000f4700000)
  from space 39424K, 26% used [0x00000000f4700000,0x00000000f514abf0,0x00000000f6d80000)
  to   space 37888K, 0% used [0x00000000fa980000,0x00000000fa980000,0x00000000fce80000)
 ParOldGen       total 179200K, used 107795K [0x00000000a0000000, 0x00000000aaf00000, 0x00000000e0000000)
  object space 179200K, 60% used [0x00000000a0000000,0x00000000a6944e70,0x00000000aaf00000)
 Metaspace       used 123978K, capacity 127958K, committed 128256K, reserved 1161216K
  class space    used 15719K, capacity 16535K, committed 16640K, reserved 1048576K
Event: 107.577 GC heap after
Heap after GC invocations=30 (full 4):
 PSYoungGen      total 430592K, used 9372K [0x00000000e0000000, 0x00000000fcb00000, 0x0000000100000000)
  eden space 396288K, 0% used [0x00000000e0000000,0x00000000e0000000,0x00000000f8300000)
  from space 34304K, 27% used [0x00000000fa980000,0x00000000fb2a72a0,0x00000000fcb00000)
  to   space 36864K, 0% used [0x00000000f8300000,0x00000000f8300000,0x00000000fa700000)
 ParOldGen       total 179200K, used 116936K [0x00000000a0000000, 0x00000000aaf00000, 0x00000000e0000000)
  object space 179200K, 65% used [0x00000000a0000000,0x00000000a72323b0,0x00000000aaf00000)
 Metaspace       used 123978K, capacity 127958K, committed 128256K, reserved 1161216K
  class space    used 15719K, capacity 16535K, committed 16640K, reserved 1048576K
}
Event: 108.660 GC heap before
{Heap before GC invocations=31 (full 4):
 PSYoungGen      total 430592K, used 405660K [0x00000000e0000000, 0x00000000fcb00000, 0x0000000100000000)
  eden space 396288K, 100% used [0x00000000e0000000,0x00000000f8300000,0x00000000f8300000)
  from space 34304K, 27% used [0x00000000fa980000,0x00000000fb2a72a0,0x00000000fcb00000)
  to   space 36864K, 0% used [0x00000000f8300000,0x00000000f8300000,0x00000000fa700000)
 ParOldGen       total 179200K, used 116936K [0x00000000a0000000, 0x00000000aaf00000, 0x00000000e0000000)
  object space 179200K, 65% used [0x00000000a0000000,0x00000000a72323b0,0x00000000aaf00000)
 Metaspace       used 124052K, capacity 128024K, committed 128256K, reserved 1161216K
  class space    used 15720K, capacity 16536K, committed 16640K, reserved 1048576K
Event: 108.674 GC heap after
Heap after GC invocations=31 (full 4):
 PSYoungGen      total 433152K, used 7824K [0x00000000e0000000, 0x00000000fcb00000, 0x0000000100000000)
  eden space 396288K, 0% used [0x00000000e0000000,0x00000000e0000000,0x00000000f8300000)
  from space 36864K, 21% used [0x00000000f8300000,0x00000000f8aa4010,0x00000000fa700000)
  to   space 34304K, 0% used [0x00000000fa980000,0x00000000fa980000,0x00000000fcb00000)
 ParOldGen       total 179200K, used 120816K [0x00000000a0000000, 0x00000000aaf00000, 0x00000000e0000000)
  object space 179200K, 67% used [0x00000000a0000000,0x00000000a75fc3d0,0x00000000aaf00000)
 Metaspace       used 124052K, capacity 128024K, committed 128256K, reserved 1161216K
  class space    used 15720K, capacity 16536K, committed 16640K, reserved 1048576K
}
Event: 110.286 GC heap before
{Heap before GC invocations=32 (full 4):
 PSYoungGen      total 433152K, used 404112K [0x00000000e0000000, 0x00000000fcb00000, 0x0000000100000000)
  eden space 396288K, 100% used [0x00000000e0000000,0x00000000f8300000,0x00000000f8300000)
  from space 36864K, 21% used [0x00000000f8300000,0x00000000f8aa4010,0x00000000fa700000)
  to   space 34304K, 0% used [0x00000000fa980000,0x00000000fa980000,0x00000000fcb00000)
 ParOldGen       total 179200K, used 120816K [0x00000000a0000000, 0x00000000aaf00000, 0x00000000e0000000)
  object space 179200K, 67% used [0x00000000a0000000,0x00000000a75fc3d0,0x00000000aaf00000)
 Metaspace       used 124812K, capacity 129018K, committed 129152K, reserved 1161216K
  class space    used 15817K, capacity 16695K, committed 16768K, reserved 1048576K
Event: 110.353 GC heap after
Heap after GC invocations=32 (full 4):
 PSYoungGen      total 430592K, used 10042K [0x00000000e0000000, 0x00000000fcb00000, 0x0000000100000000)
  eden space 396288K, 0% used [0x00000000e0000000,0x00000000e0000000,0x00000000f8300000)
  from space 34304K, 29% used [0x00000000fa980000,0x00000000fb34e950,0x00000000fcb00000)
  to   space 36864K, 0% used [0x00000000f8300000,0x00000000f8300000,0x00000000fa700000)
 ParOldGen       total 179200K, used 128093K [0x00000000a0000000, 0x00000000aaf00000, 0x00000000e0000000)
  object space 179200K, 71% used [0x00000000a0000000,0x00000000a7d17400,0x00000000aaf00000)
 Metaspace       used 124812K, capacity 129018K, committed 129152K, reserved 1161216K
  class space    used 15817K, capacity 16695K, committed 16768K, reserved 1048576K
}
Event: 114.399 GC heap before
{Heap before GC invocations=33 (full 4):
 PSYoungGen      total 430592K, used 406330K [0x00000000e0000000, 0x00000000fcb00000, 0x0000000100000000)
  eden space 396288K, 100% used [0x00000000e0000000,0x00000000f8300000,0x00000000f8300000)
  from space 34304K, 29% used [0x00000000fa980000,0x00000000fb34e950,0x00000000fcb00000)
  to   space 36864K, 0% used [0x00000000f8300000,0x00000000f8300000,0x00000000fa700000)
 ParOldGen       total 179200K, used 128093K [0x00000000a0000000, 0x00000000aaf00000, 0x00000000e0000000)
  object space 179200K, 71% used [0x00000000a0000000,0x00000000a7d17400,0x00000000aaf00000)
 Metaspace       used 125457K, capacity 129750K, committed 130048K, reserved 1163264K
  class space    used 15906K, capacity 16769K, committed 16896K, reserved 1048576K
Event: 114.509 GC heap after
Heap after GC invocations=33 (full 4):
 PSYoungGen      total 433152K, used 10280K [0x00000000e0000000, 0x00000000fcb00000, 0x0000000100000000)
  eden space 396288K, 0% used [0x00000000e0000000,0x00000000e0000000,0x00000000f8300000)
  from space 36864K, 27% used [0x00000000f8300000,0x00000000f8d0a3d8,0x00000000fa700000)
  to   space 34304K, 0% used [0x00000000fa980000,0x00000000fa980000,0x00000000fcb00000)
 ParOldGen       total 179200K, used 135793K [0x00000000a0000000, 0x00000000aaf00000, 0x00000000e0000000)
  object space 179200K, 75% used [0x00000000a0000000,0x00000000a849c708,0x00000000aaf00000)
 Metaspace       used 125457K, capacity 129750K, committed 130048K, reserved 1163264K
  class space    used 15906K, capacity 16769K, committed 16896K, reserved 1048576K
}
Event: 116.415 GC heap before
{Heap before GC invocations=34 (full 4):
 PSYoungGen      total 433152K, used 406568K [0x00000000e0000000, 0x00000000fcb00000, 0x0000000100000000)
  eden space 396288K, 100% used [0x00000000e0000000,0x00000000f8300000,0x00000000f8300000)
  from space 36864K, 27% used [0x00000000f8300000,0x00000000f8d0a3d8,0x00000000fa700000)
  to   space 34304K, 0% used [0x00000000fa980000,0x00000000fa980000,0x00000000fcb00000)
 ParOldGen       total 179200K, used 135793K [0x00000000a0000000, 0x00000000aaf00000, 0x00000000e0000000)
  object space 179200K, 75% used [0x00000000a0000000,0x00000000a849c708,0x00000000aaf00000)
 Metaspace       used 125489K, capacity 129760K, committed 130048K, reserved 1163264K
  class space    used 15908K, capacity 16772K, committed 16896K, reserved 1048576K
Event: 116.430 GC heap after
Heap after GC invocations=34 (full 4):
 PSYoungGen      total 430592K, used 7468K [0x00000000e0000000, 0x00000000fcb00000, 0x0000000100000000)
  eden space 396288K, 0% used [0x00000000e0000000,0x00000000e0000000,0x00000000f8300000)
  from space 34304K, 21% used [0x00000000fa980000,0x00000000fb0cb2b8,0x00000000fcb00000)
  to   space 36864K, 0% used [0x00000000f8300000,0x00000000f8300000,0x00000000fa700000)
 ParOldGen       total 179200K, used 141873K [0x00000000a0000000, 0x00000000aaf00000, 0x00000000e0000000)
  object space 179200K, 79% used [0x00000000a0000000,0x00000000a8a8c540,0x00000000aaf00000)
 Metaspace       used 125489K, capacity 129760K, committed 130048K, reserved 1163264K
  class space    used 15908K, capacity 16772K, committed 16896K, reserved 1048576K
}

