# JRE version: OpenJDK Runtime Environment (8.0_202-b03) (build 1.8.0_202-release-1483-b03)
# Java VM: OpenJDK 64-Bit Server VM (25.202-b03 mixed mode windows-amd64 compressed oops)
Heap:
 PSYoungGen      total 252416K, used 15879K [0x00000000e0000000, 0x00000000f0e80000, 0x0000000100000000)
  eden space 238080K, 6% used [0x00000000e0000000,0x00000000e0f81d78,0x00000000ee880000)
  from space 14336K, 0% used [0x00000000f0080000,0x00000000f0080000,0x00000000f0e80000)
  to   space 19456K, 0% used [0x00000000ee880000,0x00000000ee880000,0x00000000efb80000)
 ParOldGen       total 116224K, used 37794K [0x00000000a0000000, 0x00000000a7180000, 0x00000000e0000000)
  object space 116224K, 32% used [0x00000000a0000000,0x00000000a24e8960,0x00000000a7180000)
 Metaspace       used 68980K, capacity 70692K, committed 71384K, reserved 1116160K
  class space    used 8958K, capacity 9365K, committed 9472K, reserved 1048576K
GC Heap History (10 events):
Event: 13.261 GC heap before
{Heap before GC invocations=14 (full 2):
 PSYoungGen      total 152576K, used 26719K [0x00000000e0000000, 0x00000000ed500000, 0x0000000100000000)
  eden space 138752K, 9% used [0x00000000e0000000,0x00000000e0c9b470,0x00000000e8780000)
  from space 13824K, 99% used [0x00000000e8780000,0x00000000e94fc8c8,0x00000000e9500000)
  to   space 18432K, 0% used [0x00000000ec300000,0x00000000ec300000,0x00000000ed500000)
 ParOldGen       total 87552K, used 28819K [0x00000000a0000000, 0x00000000a5580000, 0x00000000e0000000)
  object space 87552K, 32% used [0x00000000a0000000,0x00000000a1c24c58,0x00000000a5580000)
 Metaspace       used 57314K, capacity 58806K, committed 58968K, reserved 1099776K
  class space    used 7820K, capacity 8196K, committed 8320K, reserved 1048576K
Event: 13.273 GC heap after
Heap after GC invocations=14 (full 2):
 PSYoungGen      total 199168K, used 433K [0x00000000e0000000, 0x00000000ef180000, 0x0000000100000000)
  eden space 180736K, 0% used [0x00000000e0000000,0x00000000e0000000,0x00000000eb080000)
  from space 18432K, 2% used [0x00000000ec300000,0x00000000ec36c578,0x00000000ed500000)
  to   space 18944K, 0% used [0x00000000eb080000,0x00000000eb080000,0x00000000ec300000)
 ParOldGen       total 87552K, used 34552K [0x00000000a0000000, 0x00000000a5580000, 0x00000000e0000000)
  object space 87552K, 39% used [0x00000000a0000000,0x00000000a21be280,0x00000000a5580000)
 Metaspace       used 57314K, capacity 58806K, committed 58968K, reserved 1099776K
  class space    used 7820K, capacity 8196K, committed 8320K, reserved 1048576K
}
Event: 13.273 GC heap before
{Heap before GC invocations=15 (full 3):
 PSYoungGen      total 199168K, used 433K [0x00000000e0000000, 0x00000000ef180000, 0x0000000100000000)
  eden space 180736K, 0% used [0x00000000e0000000,0x00000000e0000000,0x00000000eb080000)
  from space 18432K, 2% used [0x00000000ec300000,0x00000000ec36c578,0x00000000ed500000)
  to   space 18944K, 0% used [0x00000000eb080000,0x00000000eb080000,0x00000000ec300000)
 ParOldGen       total 87552K, used 34552K [0x00000000a0000000, 0x00000000a5580000, 0x00000000e0000000)
  object space 87552K, 39% used [0x00000000a0000000,0x00000000a21be280,0x00000000a5580000)
 Metaspace       used 57314K, capacity 58806K, committed 58968K, reserved 1099776K
  class space    used 7820K, capacity 8196K, committed 8320K, reserved 1048576K
Event: 13.552 GC heap after
Heap after GC invocations=15 (full 3):
 PSYoungGen      total 199168K, used 0K [0x00000000e0000000, 0x00000000ef180000, 0x0000000100000000)
  eden space 180736K, 0% used [0x00000000e0000000,0x00000000e0000000,0x00000000eb080000)
  from space 18432K, 0% used [0x00000000ec300000,0x00000000ec300000,0x00000000ed500000)
  to   space 18944K, 0% used [0x00000000eb080000,0x00000000eb080000,0x00000000ec300000)
 ParOldGen       total 116224K, used 27372K [0x00000000a0000000, 0x00000000a7180000, 0x00000000e0000000)
  object space 116224K, 23% used [0x00000000a0000000,0x00000000a1abb280,0x00000000a7180000)
 Metaspace       used 57314K, capacity 58806K, committed 58968K, reserved 1099776K
  class space    used 7820K, capacity 8196K, committed 8320K, reserved 1048576K
}
Event: 3628.609 GC heap before
{Heap before GC invocations=16 (full 3):
 PSYoungGen      total 199168K, used 180736K [0x00000000e0000000, 0x00000000ef180000, 0x0000000100000000)
  eden space 180736K, 100% used [0x00000000e0000000,0x00000000eb080000,0x00000000eb080000)
  from space 18432K, 0% used [0x00000000ec300000,0x00000000ec300000,0x00000000ed500000)
  to   space 18944K, 0% used [0x00000000eb080000,0x00000000eb080000,0x00000000ec300000)
 ParOldGen       total 116224K, used 27372K [0x00000000a0000000, 0x00000000a7180000, 0x00000000e0000000)
  object space 116224K, 23% used [0x00000000a0000000,0x00000000a1abb280,0x00000000a7180000)
 Metaspace       used 63377K, capacity 65270K, committed 65368K, reserved 1105920K
  class space    used 8346K, capacity 8790K, committed 8832K, reserved 1048576K
Event: 3628.644 GC heap after
Heap after GC invocations=16 (full 3):
 PSYoungGen      total 199680K, used 12756K [0x00000000e0000000, 0x00000000f1380000, 0x0000000100000000)
  eden space 180736K, 0% used [0x00000000e0000000,0x00000000e0000000,0x00000000eb080000)
  from space 18944K, 67% used [0x00000000eb080000,0x00000000ebcf5168,0x00000000ec300000)
  to   space 19456K, 0% used [0x00000000f0080000,0x00000000f0080000,0x00000000f1380000)
 ParOldGen       total 116224K, used 27380K [0x00000000a0000000, 0x00000000a7180000, 0x00000000e0000000)
  object space 116224K, 23% used [0x00000000a0000000,0x00000000a1abd280,0x00000000a7180000)
 Metaspace       used 63377K, capacity 65270K, committed 65368K, reserved 1105920K
  class space    used 8346K, capacity 8790K, committed 8832K, reserved 1048576K
}
Event: 3630.956 GC heap before
{Heap before GC invocations=17 (full 3):
 PSYoungGen      total 199680K, used 87393K [0x00000000e0000000, 0x00000000f1380000, 0x0000000100000000)
  eden space 180736K, 41% used [0x00000000e0000000,0x00000000e48e33f8,0x00000000eb080000)
  from space 18944K, 67% used [0x00000000eb080000,0x00000000ebcf5168,0x00000000ec300000)
  to   space 19456K, 0% used [0x00000000f0080000,0x00000000f0080000,0x00000000f1380000)
 ParOldGen       total 116224K, used 27380K [0x00000000a0000000, 0x00000000a7180000, 0x00000000e0000000)
  object space 116224K, 23% used [0x00000000a0000000,0x00000000a1abd280,0x00000000a7180000)
 Metaspace       used 69101K, capacity 71034K, committed 71128K, reserved 1118208K
  class space    used 8992K, capacity 9434K, committed 9472K, reserved 1048576K
Event: 3630.987 GC heap after
Heap after GC invocations=17 (full 3):
 PSYoungGen      total 252416K, used 10966K [0x00000000e0000000, 0x00000000f0e80000, 0x0000000100000000)
  eden space 238080K, 0% used [0x00000000e0000000,0x00000000e0000000,0x00000000ee880000)
  from space 14336K, 76% used [0x00000000f0080000,0x00000000f0b35bd8,0x00000000f0e80000)
  to   space 19456K, 0% used [0x00000000ee880000,0x00000000ee880000,0x00000000efb80000)
 ParOldGen       total 116224K, used 36318K [0x00000000a0000000, 0x00000000a7180000, 0x00000000e0000000)
  object space 116224K, 31% used [0x00000000a0000000,0x00000000a2377b20,0x00000000a7180000)
 Metaspace       used 69101K, capacity 71034K, committed 71128K, reserved 1118208K
  class space    used 8992K, capacity 9434K, committed 9472K, reserved 1048576K
}
Event: 3630.987 GC heap before
{Heap before GC invocations=18 (full 4):
 PSYoungGen      total 252416K, used 10966K [0x00000000e0000000, 0x00000000f0e80000, 0x0000000100000000)
  eden space 238080K, 0% used [0x00000000e0000000,0x00000000e0000000,0x00000000ee880000)
  from space 14336K, 76% used [0x00000000f0080000,0x00000000f0b35bd8,0x00000000f0e80000)
  to   space 19456K, 0% used [0x00000000ee880000,0x00000000ee880000,0x00000000efb80000)
 ParOldGen       total 116224K, used 36318K [0x00000000a0000000, 0x00000000a7180000, 0x00000000e0000000)
  object space 116224K, 31% used [0x00000000a0000000,0x00000000a2377b20,0x00000000a7180000)
 Metaspace       used 69101K, capacity 71034K, committed 71128K, reserved 1118208K
  class space    used 8992K, capacity 9434K, committed 9472K, reserved 1048576K
Event: 3631.241 GC heap after
Heap after GC invocations=18 (full 4):
 PSYoungGen      total 252416K, used 0K [0x00000000e0000000, 0x00000000f0e80000, 0x0000000100000000)
  eden space 238080K, 0% used [0x00000000e0000000,0x00000000e0000000,0x00000000ee880000)
  from space 14336K, 0% used [0x00000000f0080000,0x00000000f0080000,0x00000000f0e80000)
  to   space 19456K, 0% used [0x00000000ee880000,0x00000000ee880000,0x00000000efb80000)
 ParOldGen       total 116224K, used 37794K [0x00000000a0000000, 0x00000000a7180000, 0x00000000e0000000)
  object space 116224K, 32% used [0x00000000a0000000,0x00000000a24e8960,0x00000000a7180000)
 Metaspace       used 68750K, capacity 70408K, committed 71128K, reserved 1116160K
  class space    used 8924K, capacity 9309K, committed 9472K, reserved 1048576K
}

